<?xml version="1.0" encoding="UTF-8"?>
<!-- Generated by org.testng.reporters.JUnitReportReporter -->
<testsuite skipped="1" hostname="Lenovo" name="testng.main1" tests="5" failures="0" timestamp="24 Mar 2024 16:07:09 GMT" time="0.048" errors="0">
  <testcase name="method1" time="0.032" classname="testng.main1"/>
  <testcase name="method2" time="0.016" classname="testng.main1"/>
  <testcase name="tc3" time="0.000" classname="testng.main1"/>
  <testcase name="tc1" time="0.000" classname="testng.main1"/>
  <testcase name="tc2" classname="testng.main1">
    <skipped/>
  </testcase> <!-- tc2 -->
</testsuite> <!-- testng.main1 -->
