<?xml version="1.0" encoding="UTF-8"?>
<!-- Generated by org.testng.reporters.JUnitReportReporter -->
<testsuite skipped="0" hostname="Lenovo" name="testng.main2" tests="2" failures="0" timestamp="24 Mar 2024 16:04:38 GMT" time="0.057" errors="0">
  <testcase name="method1" time="0.041" classname="testng.main2"/>
  <testcase name="method2" time="0.016" classname="testng.main2"/>
</testsuite> <!-- testng.main2 -->
